<?xml version="1.0" encoding="UTF-8"?>
<testsuite name="apiTests.ReqresinTests" tests="1" skipped="0" failures="0" errors="0" timestamp="2022-04-14T19:19:41" hostname="DESKTOP-FLGSPO6" time="2.258">
  <properties/>
  <testcase name="updateUserTest()" classname="apiTests.ReqresinTests" time="2.258"/>
  <system-out><![CDATA[]]></system-out>
  <system-err><![CDATA[]]></system-err>
</testsuite>
